build/app/outputs/mapping/release/seeds.txt
com.example.dalas.MainActivity
com.example.dalas.MainActivity: MainActivity()
...
io.flutter.embedding.engine.FlutterJNI: void dispatchSemanticsAction(int,io.flutter.view.AccessibilityBridge$Action)
com.google.android.gms.internal.firebase-auth-api.zzfc: com.google.android.gms.internal.firebase-auth-api.zzyu zzg
io.flutter.embedding.android.TransparencyMode: io.flutter.embedding.android.TransparencyMode valueOf(java.lang.String)
com.google.android.gms.internal.firebase-auth-api.zzht: com.google.android.gms.internal.firebase-auth-api.zzyu zzg
com.google.android.gms.internal.firebase-auth-api.zzjq: com.google.android.gms.internal.firebase-auth-api.zzyu zzf
com.google.android.gms.internal.firebase-auth-api.zzfo
com.google.android.gms.internal.firebase-auth-api.zziq: int zzf
com.google.firebase.auth.internal.RecaptchaActivity
com.google.android.gms.internal.firebase-auth-api.zzni: android.os.Parcelable$Creator CREATOR
androidx.lifecycle.ReportFragment$LifecycleCallbacks: ReportFragment$LifecycleCallbacks()
io.flutter.embedding.engine.FlutterJNI: java.lang.String getObservatoryUri()
com.google.android.gms.internal.firebase-auth-api.zzjk: com.google.android.gms.internal.firebase-auth-api.zzjk[] values()
androidx.fragment.app.FragmentManagerState: android.os.Parcelable$Creator CREATOR
com.google.android.gms.internal.firebase-auth-api.zzls: android.os.Parcelable$Creator CREATOR
io.flutter.embedding.engine.systemchannels.SettingsChannel$PlatformBrightness: io.flutter.embedding.engine.systemchannels.SettingsChannel$PlatformBrightness[] values()
com.google.firebase.auth.internal.GenericIdpActivity: GenericIdpActivity()
io.flutter.embedding.android.DrawableSplashScreen$DrawableSplashScreenView
io.flutter.plugins.imagepicker.ImagePickerFileProvider
com.google.android.gms.internal.firebase-auth-api.zzacq: com.google.android.gms.internal.firebase-auth-api.zzacq[] values()
io.flutter.embedding.engine.FlutterJNI: void updateCustomAccessibilityActions(java.nio.ByteBuffer,java.lang.String[])
com.google.android.gms.dynamite.DynamiteModule$DynamiteLoaderClassLoader: java.lang.ClassLoader sClassLoader
androidx.browser.browseractions.BrowserActionsFallbackMenuView
io.flutter.embedding.android.FlutterSurfaceView: io.flutter.embedding.engine.renderer.FlutterRenderer getAttachedRenderer()
io.flutter.plugin.editing.ImeSyncDeferringInsetsCallback: int overlayInsetTypes
io.flutter.embedding.engine.FlutterJNI: void nativeDeferredComponentInstallFailure(int,java.lang.String,boolean)
androidx.lifecycle.Lifecycle$Event: androidx.lifecycle.Lifecycle$Event ON_ANY
io.flutter.plugins.firebase.auth.FlutterFirebaseAuthRegistrar: java.util.List getComponents()
io.flutter.plugin.editing.ImeSyncDeferringInsetsCallback: android.view.View view
io.flutter.embedding.engine.FlutterJNI: void updateSemantics(java.nio.ByteBuffer,java.lang.String[])
com.google.android.gms.internal.firebase-auth-api.zzgd: int zze
io.flutter.plugin.platform.SingleViewPresentation: io.flutter.plugin.platform.SingleViewPresentation$AccessibilityDelegatingFrameLayout rootView
io.flutter.embedding.engine.FlutterJNI: void setRefreshRateFPS(float)
io.flutter.embedding.engine.FlutterJNI: io.flutter.embedding.engine.deferredcomponents.DeferredComponentManager deferredComponentManager
com.google.android.gms.internal.firebase-auth-api.zziv: com.google.android.gms.internal.firebase-auth-api.zziv zzb
com.google.android.gms.safetynet.SafeBrowsingData: android.os.Parcelable$Creator CREATOR
com.google.android.gms.internal.firebase-auth-api.zzgg: com.google.android.gms.internal.firebase-auth-api.zzyu zzf
com.google.android.gms.internal.firebase-auth-api.zzhd
io.flutter.embedding.engine.FlutterJNI: void nativeDispatchPlatformMessage(long,java.lang.String,java.nio.ByteBuffer,int,int)
io.flutter.plugin.platform.SingleViewPresentation: io.flutter.plugin.platform.AccessibilityEventsDelegate accessibilityEventsDelegate