build/app/outputs/mapping/release/usage.txt
com.example.dalas.R$attr
com.example.dalas.R$mipmap
com.example.dalas.R$styleable
com.example.dalas.R$color
com.example.dalas.BuildConfig
com.example.dalas.R
com.example.dalas.R$id
com.example.dalas.R$xml
com.example.dalas.R$string
com.example.dalas.R$layout
com.example.dalas.R$style
com.example.dalas.R$integer
com.example.dalas.R$drawable
com.example.dalas.R$dimen
...
com.google.android.gms.common.util.zzd
androidx.core.view.ViewCompat$2
io.flutter.embedding.engine.deferredcomponents.PlayStoreDeferredComponentManager$FeatureInstallStateUpdatedListener
androidx.loader.content.ModernAsyncTask$AsyncTaskResult
kotlin.collections.AbstractMap$keys$1$iterator$1
kotlin.jvm.internal.BooleanCompanionObject
io.flutter.embedding.engine.systemchannels.SystemChannel:
    private static final java.lang.String TAG
com.google.firebase.auth.internal.zzx:
    public static com.google.firebase.auth.FirebaseUser zzk(com.google.firebase.FirebaseApp,com.google.firebase.auth.FirebaseUser)
androidx.lifecycle.Lifecycling$1:
    void <init>(androidx.lifecycle.LifecycleEventObserver)
com.google.android.gms.common.api.internal.zabv:
    public void <init>(com.google.android.gms.common.api.internal.RegisterListenerMethod,com.google.android.gms.common.api.internal.UnregisterListenerMethod)
com.google.android.gms.dynamite.zzl
kotlin.sequences.SequencesKt__SequencesKt$generateSequence$2
androidx.core.content.ContextCompat$MainHandlerExecutor
com.google.android.gms.common.api.internal.zabe
androidx.core.view.accessibility.AccessibilityViewCommand$SetTextArguments
androidx.fragment.app.FragmentTransaction$Op:
    void <init>(int,androidx.fragment.app.Fragment,androidx.lifecycle.Lifecycle$State)
androidx.core.view.ViewConfigurationCompat
kotlin.reflect.KType
com.google.android.gms.common.api.internal.ListenerHolder$zaa
kotlin.UIntArrayKt
androidx.legacy.coreutils.R$drawable
com.google.android.gms.common.images.Size
androidx.annotation.DimenRes
com.google.android.gms.common.AccountPicker$AccountChooserOptions
androidx.fragment.R$layout
androidx.core.app.NotificationCompat$MessagingStyle
com.google.android.gms.common.internal.GoogleApiAvailabilityCache:
    public void <init>()
com.google.android.gms.common.stats.WakeLockEvent
kotlin.coroutines.experimental.migration.ExperimentalContextMigration
kotlin.native.concurrent.SharedImmutable
androidx.loader.R$drawable
com.google.firebase.auth.MultiFactorAssertion
com.google.firebase.auth.GoogleAuthProvider:
    private void <init>()
    public static final java.lang.String PROVIDER_ID
    public static final java.lang.String GOOGLE_SIGN_IN_METHOD
kotlin.io.FileTreeWalk$WalkState
com.google.android.gms.internal.firebase-auth-api.zzhx:
    static void <clinit>()
    static final synthetic int[] zza
androidx.browser.browseractions.BrowserActionsIntent$Builder
kotlin.coroutines.experimental.migration.ExperimentalContextMigration$Key
kotlin.jvm.internal.Intrinsics:
    public static java.lang.String stringPlus(java.lang.String,java.lang.Object)
    public static void checkNotNull(java.lang.Object)
    public static void checkNotNull(java.lang.Object,java.lang.String)
    public static void throwNpe(java.lang.String)
    public static void throwAssert()
    public static void throwAssert(java.lang.String)
    public static void throwIllegalArgument()
    public static void throwIllegalArgument(java.lang.String)
    public static void throwIllegalState()
    public static void throwIllegalState(java.lang.String)
    public static void checkNotNullExpressionValue(java.lang.Object,java.lang.String)
    public static void checkReturnedValueIsNotNull(java.lang.Object,java.lang.String,java.lang.String)
    public static void checkReturnedValueIsNotNull(java.lang.Object,java.lang.String)
    public static void checkFieldIsNotNull(java.lang.Object,java.lang.String,java.lang.String)
    public static void checkFieldIsNotNull(java.lang.Object,java.lang.String)
    public static void checkNotNullParameter(java.lang.Object,java.lang.String)
    public static int compare(long,long)
    public static int compare(int,int)
    public static boolean areEqual(java.lang.Double,java.lang.Double)
    public static boolean areEqual(java.lang.Double,double)
    public static boolean areEqual(double,java.lang.Double)
    public static boolean areEqual(java.lang.Float,java.lang.Float)